<?xml version="1.0" encoding="UTF-8"?>
<!-- Generated by org.testng.reporters.JUnitReportReporter -->
<testsuite hostname="LAPTOP-A53TTVVU" failures="0" tests="2" name="QAClickAcadamey.MavenTutorial.AppiumTest" time="0.027" errors="0" timestamp="10 Jun 2020 10:48:39 GMT" skipped="0">
  <testcase classname="QAClickAcadamey.MavenTutorial.AppiumTest" name="IosAPP" time="0.014"/>
  <testcase classname="QAClickAcadamey.MavenTutorial.AppiumTest" name="AndroidApp" time="0.013"/>
</testsuite> <!-- QAClickAcadamey.MavenTutorial.AppiumTest -->
