<?xml version="1.0" encoding="UTF-8"?>
<!-- Generated by org.testng.reporters.JUnitReportReporter -->
<testsuite hostname="LAPTOP-A53TTVVU" failures="0" tests="2" name="QAClickAcadamey.MavenTutorial.SeleniumTest" time="0.007" errors="0" timestamp="10 Jun 2020 10:48:39 GMT" skipped="0">
  <testcase classname="QAClickAcadamey.MavenTutorial.SeleniumTest" name="Excel" time="0.004"/>
  <testcase classname="QAClickAcadamey.MavenTutorial.SeleniumTest" name="Data" time="0.003"/>
</testsuite> <!-- QAClickAcadamey.MavenTutorial.SeleniumTest -->
