<?xml version="1.0" encoding="UTF-8"?>
<!-- Generated by org.testng.reporters.JUnitReportReporter -->
<testsuite hostname="LAPTOP-A53TTVVU" failures="0" tests="2" name="QAClickAcadamey.MavenTutorial.RestAPITest" time="0.006" errors="0" timestamp="10 Jun 2020 10:48:39 GMT" skipped="0">
  <testcase classname="QAClickAcadamey.MavenTutorial.RestAPITest" name="LocalAPI" time="0.002"/>
  <testcase classname="QAClickAcadamey.MavenTutorial.RestAPITest" name="BrowserAPI" time="0.004"/>
</testsuite> <!-- QAClickAcadamey.MavenTutorial.RestAPITest -->
